<?xml version="1.0" encoding="UTF-8"?>
<testng-results ignored="0" total="1" passed="1" failed="0" skipped="0">
  <reporter-output>
  </reporter-output>
  <suite started-at="2025-07-09T23:32:26 EET" name="Default suite" finished-at="2025-07-09T23:32:31 EET" duration-ms="4536">
    <groups>
    </groups>
    <test started-at="2025-07-09T23:32:26 EET" name="Default test" finished-at="2025-07-09T23:32:31 EET" duration-ms="4536">
      <class name="loginPage.myTestCases">
        <test-method is-config="true" signature="mySetup()[pri:0, instance:loginPage.myTestCases@101639ae]" started-at="2025-07-09T23:32:26 EET" name="mySetup" finished-at="2025-07-09T23:32:30 EET" duration-ms="3286" status="PASS">
          <reporter-output>
          </reporter-output>
        </test-method> <!-- mySetup -->
        <test-method signature="signup()[pri:1, instance:loginPage.myTestCases@101639ae]" started-at="2025-07-09T23:32:30 EET" name="signup" finished-at="2025-07-09T23:32:31 EET" duration-ms="1056" status="PASS">
          <reporter-output>
          </reporter-output>
        </test-method> <!-- signup -->
      </class> <!-- loginPage.myTestCases -->
    </test> <!-- Default test -->
  </suite> <!-- Default suite -->
</testng-results>
